<?xml version="1.0" encoding="UTF-8"?>
<testsuite xmlns:xsi="http://www.w3.org/2001/XMLSchema-instance" xsi:noNamespaceSchemaLocation="https://maven.apache.org/surefire/maven-surefire-plugin/xsd/surefire-test-report-3.0.xsd" version="3.0" name="Testing" time="13.983" tests="8" errors="0" skipped="0" failures="0">
  <properties>
[...]
</properties>
  <testcase name="midnight" classname="Testing" time="2.704">
    <system-out><![CDATA[Name: Tokelau
Languages: [English, Samoan, Tokelauan]
Time: 1100
-------------------------------------------------------------
Name: Commonwealth of Australia
Languages: [English]
Time: 930
-------------------------------------------------------------
Name: United States of America
Languages: [English]
Time: 1000
-------------------------------------------------------------
Name: Federated States of Micronesia
Languages: [English]
Time: 900
-------------------------------------------------------------
Name: American Samoa
Languages: [English, Samoan]
Time: 1100
-------------------------------------------------------------
Name: United Kingdom of Great Britain and Northern Ireland
Languages: [English]
Time: 1700
-------------------------------------------------------------
Name: Republic of the Marshall Islands
Languages: [English, Marshallese]
Time: 1000
-------------------------------------------------------------
Name: Independent and Sovereign Republic of Kiribati
Languages: [English, Gilbertese]
Time: 1000
-------------------------------------------------------------
Name: Niue
Languages: [Niuean, English]
Time: 1100
-------------------------------------------------------------
Name: Solomon Islands
Languages: [English]
Time: 900
-------------------------------------------------------------
Name: Cayman Islands
Languages: [English]
Time: 1700
-------------------------------------------------------------
Name: Republic of Fiji
Languages: [Fiji Hindi, English, Fijian]
Time: 1000
-------------------------------------------------------------
Name: Territory of Norfolk Island
Languages: [Norfuk, English]
Time: 930
-------------------------------------------------------------
Name: Commonwealth of the Bahamas
Languages: [English]
Time: 1700
-------------------------------------------------------------
Name: Cook Islands
Languages: [English, Cook Islands Māori]
Time: 1200
-------------------------------------------------------------
Name: Belize
Languages: [English, Belizean Creole, Spanish]
Time: 1600
-------------------------------------------------------------
Name: Tuvalu
Languages: [English, Tuvaluan]
Time: 1000
-------------------------------------------------------------
Name: New Zealand
Languages: [English, Māori, New Zealand Sign Language]
Time: 1000
-------------------------------------------------------------
Name: Canada
Languages: [English, French]
Time: 1500
-------------------------------------------------------------
Name: Republic of Vanuatu
Languages: [English, French, Bislama]
Time: 900
-------------------------------------------------------------
Name: United States Minor Outlying Islands
Languages: [English]
Time: 1000
-------------------------------------------------------------
Name: Kingdom of Tonga
Languages: [English, Tongan]
Time: 1100
-------------------------------------------------------------
Name: Jamaica
Languages: [English, Jamaican Patois]
Time: 1700
-------------------------------------------------------------
Name: Pitcairn Group of Islands
Languages: [English]
Time: 1400
-------------------------------------------------------------
Name: Independent State of Samoa
Languages: [English, Samoan]
Time: 1100
-------------------------------------------------------------
Name: Republic of Nauru
Languages: [English, Nauru]
Time: 1000
-------------------------------------------------------------
]]></system-out>
  </testcase>
  <testcase name="saslOfficial" classname="Testing" time="1.522">
    <system-out><![CDATA[South African Sign Language is not an official language at this moment
]]></system-out>
  </testcase>
  <testcase name="five" classname="Testing" time="1.958">
    <system-out><![CDATA[Name: State of Qatar
Languages: [Arabic]
Time: 1700
-------------------------------------------------------------
Name: People's Democratic Republic of Algeria
Languages: [Arabic]
Time: 1500
-------------------------------------------------------------
Name: Syrian Arab Republic
Languages: [Arabic]
Time: 1600
-------------------------------------------------------------
Name: State of Kuwait
Languages: [Arabic]
Time: 1700
-------------------------------------------------------------
Name: Lebanese Republic
Languages: [Arabic, French]
Time: 1600
-------------------------------------------------------------
Name: Republic of Iraq
Languages: [Arabic, Sorani, Aramaic]
Time: 1700
-------------------------------------------------------------
Name: Tunisian Republic
Languages: [Arabic]
Time: 1500
-------------------------------------------------------------
Name: State of Libya
Languages: [Arabic]
Time: 1500
-------------------------------------------------------------
Name: Kingdom of Morocco
Languages: [Arabic, Berber]
Time: 1400
-------------------------------------------------------------
Name: State of Israel
Languages: [Arabic, Hebrew]
Time: 1600
-------------------------------------------------------------
Name: Islamic Republic of Mauritania
Languages: [Arabic]
Time: 1400
-------------------------------------------------------------
Name: Arab Republic of Egypt
Languages: [Arabic]
Time: 1600
-------------------------------------------------------------
Name: Kingdom of Saudi Arabia
Languages: [Arabic]
Time: 1700
-------------------------------------------------------------
Name: Kingdom of Bahrain
Languages: [Arabic]
Time: 1700
-------------------------------------------------------------
Name: Federal Republic of Somalia
Languages: [Arabic, Somali]
Time: 1700
-------------------------------------------------------------
Name: Republic of Djibouti
Languages: [Arabic, French]
Time: 1700
-------------------------------------------------------------
Name: Republic of the Sudan
Languages: [English, Arabic]
Time: 1700
-------------------------------------------------------------
Name: Union of the Comoros
Languages: [Arabic, French, Comorian]
Time: 1700
-------------------------------------------------------------
Name: Hashemite Kingdom of Jordan
Languages: [Arabic]
Time: 1700
-------------------------------------------------------------
Name: Republic of Yemen
Languages: [Arabic]
Time: 1700
-------------------------------------------------------------
Name: Republic of Chad
Languages: [Arabic, French]
Time: 1500
-------------------------------------------------------------
Name: State of Eritrea
Languages: [English, Tigrinya, Arabic]
Time: 1700
-------------------------------------------------------------
Name: State of Palestine
Languages: [Arabic]
Time: 1600
-------------------------------------------------------------
]]></system-out>
  </testcase>
  <testcase name="nine" classname="Testing" time="2.247">
    <system-out><![CDATA[Name: State of Qatar
Languages: [Arabic]
Time: 900
-------------------------------------------------------------
Name: State of Kuwait
Languages: [Arabic]
Time: 900
-------------------------------------------------------------
Name: Sultanate of Oman
Languages: [Arabic]
Time: 1000
-------------------------------------------------------------
Name: Republic of Iraq
Languages: [Arabic, Sorani, Aramaic]
Time: 900
-------------------------------------------------------------
Name: United Arab Emirates
Languages: [Arabic]
Time: 1000
-------------------------------------------------------------
Name: Kingdom of Saudi Arabia
Languages: [Arabic]
Time: 900
-------------------------------------------------------------
Name: Kingdom of Bahrain
Languages: [Arabic]
Time: 900
-------------------------------------------------------------
Name: Federal Republic of Somalia
Languages: [Arabic, Somali]
Time: 900
-------------------------------------------------------------
Name: Republic of Djibouti
Languages: [Arabic, French]
Time: 900
-------------------------------------------------------------
Name: Republic of the Sudan
Languages: [English, Arabic]
Time: 900
-------------------------------------------------------------
Name: Union of the Comoros
Languages: [Arabic, French, Comorian]
Time: 900
-------------------------------------------------------------
Name: Hashemite Kingdom of Jordan
Languages: [Arabic]
Time: 900
-------------------------------------------------------------
Name: Republic of Yemen
Languages: [Arabic]
Time: 900
-------------------------------------------------------------
Name: State of Eritrea
Languages: [English, Tigrinya, Arabic]
Time: 900
-------------------------------------------------------------
]]></system-out>
  </testcase>
  <testcase name="ownCountry" classname="Testing" time="1.097">
    <system-out><![CDATA[Name: People's Democratic Republic of Algeria
Languages: [Arabic]
Time: 1000
-------------------------------------------------------------
Name: State of Kuwait
Languages: [Arabic]
Time: 1200
-------------------------------------------------------------
Name: Lebanese Republic
Languages: [Arabic, French]
Time: 1100
-------------------------------------------------------------
Name: Sultanate of Oman
Languages: [Arabic]
Time: 1300
-------------------------------------------------------------
Name: Republic of Iraq
Languages: [Arabic, Sorani, Aramaic]
Time: 1200
-------------------------------------------------------------
Name: Tunisian Republic
Languages: [Arabic]
Time: 1000
-------------------------------------------------------------
Name: Kingdom of Morocco
Languages: [Arabic, Berber]
Time: 900
-------------------------------------------------------------
Name: Arab Republic of Egypt
Languages: [Arabic]
Time: 1100
-------------------------------------------------------------
Name: Kingdom of Saudi Arabia
Languages: [Arabic]
Time: 1200
-------------------------------------------------------------
Name: Kingdom of Bahrain
Languages: [Arabic]
Time: 1200
-------------------------------------------------------------
Name: Union of the Comoros
Languages: [Arabic, French, Comorian]
Time: 1200
-------------------------------------------------------------
Name: Republic of Chad
Languages: [Arabic, French]
Time: 1000
-------------------------------------------------------------
Name: State of Qatar
Languages: [Arabic]
Time: 1200
-------------------------------------------------------------
Name: Syrian Arab Republic
Languages: [Arabic]
Time: 1100
-------------------------------------------------------------
Name: State of Libya
Languages: [Arabic]
Time: 1000
-------------------------------------------------------------
Name: United Arab Emirates
Languages: [Arabic]
Time: 1300
-------------------------------------------------------------
Name: State of Israel
Languages: [Arabic, Hebrew]
Time: 1100
-------------------------------------------------------------
Name: Islamic Republic of Mauritania
Languages: [Arabic]
Time: 900
-------------------------------------------------------------
Name: Federal Republic of Somalia
Languages: [Arabic, Somali]
Time: 1200
-------------------------------------------------------------
Name: Republic of Djibouti
Languages: [Arabic, French]
Time: 1200
-------------------------------------------------------------
Name: Republic of the Sudan
Languages: [English, Arabic]
Time: 1200
-------------------------------------------------------------
Name: Hashemite Kingdom of Jordan
Languages: [Arabic]
Time: 1200
-------------------------------------------------------------
Name: Republic of Yemen
Languages: [Arabic]
Time: 1200
-------------------------------------------------------------
Name: State of Eritrea
Languages: [English, Tigrinya, Arabic]
Time: 1200
-------------------------------------------------------------
Name: State of Palestine
Languages: [Arabic]
Time: 1100
-------------------------------------------------------------
]]></system-out>
  </testcase>
  <testcase name="fieldCheck" classname="Testing" time="2.192"/>
  <testcase name="antarctica" classname="Testing" time="1.143">
    <system-out><![CDATA[No eligible countries to take call
]]></system-out>
  </testcase>
  <testcase name="countryTotal" classname="Testing" time="1.073"/>
</testsuite>